2022-09-03 22:20:21 i=0, pid=763728, pname=aaa, timeout=50
2022-09-03 22:20:21 i=1, pid=763739, pname=bbb, timeout=60
2022-09-03 22:20:21 i=2, pid=763752, pname=ccc, timeout=70
2022-09-03 22:20:21 i=3, pid=765288, pname=aaa, timeout=50
2022-09-03 22:20:21 i=4, pid=765303, pname=bbb, timeout=60
2022-09-03 22:20:21 i=5, pid=765314, pname=ccc, timeout=70
2022-09-03 22:20:31 i=0, pid=763728, pname=aaa, timeout=50
2022-09-03 22:20:31 i=1, pid=763739, pname=bbb, timeout=60
2022-09-03 22:20:31 i=2, pid=763752, pname=ccc, timeout=70
2022-09-03 22:20:31 i=3, pid=765288, pname=aaa, timeout=50
2022-09-03 22:20:31 i=4, pid=765303, pname=bbb, timeout=60
2022-09-03 22:20:31 i=5, pid=765314, pname=ccc, timeout=70
2022-09-03 22:20:41 i=0, pid=763728, pname=aaa, timeout=50
2022-09-03 22:20:41 i=1, pid=763739, pname=bbb, timeout=60
2022-09-03 22:20:41 i=2, pid=763752, pname=ccc, timeout=70
2022-09-03 22:20:41 i=3, pid=765288, pname=aaa, timeout=50
2022-09-03 22:20:41 i=4, pid=765303, pname=bbb, timeout=60
2022-09-03 22:20:41 i=5, pid=765314, pname=ccc, timeout=70
2022-09-03 22:20:51 i=0, pid=763728, pname=aaa, timeout=50
2022-09-03 22:20:51 i=1, pid=763739, pname=bbb, timeout=60
2022-09-03 22:20:51 i=2, pid=763752, pname=ccc, timeout=70
2022-09-03 22:20:51 i=3, pid=765288, pname=aaa, timeout=50
2022-09-03 22:20:51 i=4, pid=765303, pname=bbb, timeout=60
2022-09-03 22:20:51 i=5, pid=765314, pname=ccc, timeout=70
2022-09-03 22:21:01 i=0, pid=763728, pname=aaa, timeout=50
2022-09-03 22:21:01 i=1, pid=763739, pname=bbb, timeout=60
2022-09-03 22:21:01 i=2, pid=763752, pname=ccc, timeout=70
2022-09-03 22:21:01 i=3, pid=765288, pname=aaa, timeout=50
2022-09-03 22:21:01 i=4, pid=765303, pname=bbb, timeout=60
2022-09-03 22:21:01 i=5, pid=765314, pname=ccc, timeout=70
2022-09-03 22:21:11 i=0, pid=763728, pname=aaa, timeout=50
2022-09-03 22:21:11 i=1, pid=763739, pname=bbb, timeout=60
2022-09-03 22:21:11 i=2, pid=763752, pname=ccc, timeout=70
2022-09-03 22:21:11 i=3, pid=765288, pname=aaa, timeout=50
2022-09-03 22:21:11 i=4, pid=765303, pname=bbb, timeout=60
2022-09-03 22:21:11 i=5, pid=765314, pname=ccc, timeout=70
2022-09-03 22:21:21 i=0, pid=763728, pname=aaa, timeout=50
2022-09-03 22:21:21 i=1, pid=763739, pname=bbb, timeout=60
2022-09-03 22:21:21 i=2, pid=763752, pname=ccc, timeout=70
2022-09-03 22:21:21 i=3, pid=765288, pname=aaa, timeout=50
2022-09-03 22:21:21 i=4, pid=765303, pname=bbb, timeout=60
2022-09-03 22:21:21 i=5, pid=765314, pname=ccc, timeout=70
2022-09-03 22:21:31 i=0, pid=763728, pname=aaa, timeout=50
2022-09-03 22:21:31 i=1, pid=763739, pname=bbb, timeout=60
2022-09-03 22:21:31 i=2, pid=763752, pname=ccc, timeout=70
2022-09-03 22:21:31 i=3, pid=765288, pname=aaa, timeout=50
2022-09-03 22:21:31 i=4, pid=765303, pname=bbb, timeout=60
2022-09-03 22:21:31 i=5, pid=765314, pname=ccc, timeout=70
2022-09-03 22:23:03 i=0, pid=763728, pname=aaa, timeout=50, atime=1662214722
2022-09-03 22:23:03 i=1, pid=763739, pname=bbb, timeout=60, atime=1662214725
2022-09-03 22:23:03 i=2, pid=763752, pname=ccc, timeout=70, atime=1662214737
2022-09-03 22:23:03 i=3, pid=765288, pname=aaa, timeout=50, atime=1662214862
2022-09-03 22:23:03 i=4, pid=765303, pname=bbb, timeout=60, atime=1662214865
2022-09-03 22:23:03 i=5, pid=765314, pname=ccc, timeout=70, atime=1662214867
2022-09-03 22:23:03 i=6, pid=766314, pname=aaa, timeout=50, atime=1662214978
2022-09-03 22:23:03 i=7, pid=766327, pname=bbb, timeout=60, atime=1662214980
2022-09-03 22:23:13 i=0, pid=763728, pname=aaa, timeout=50, atime=1662214722
2022-09-03 22:23:13 i=1, pid=763739, pname=bbb, timeout=60, atime=1662214725
2022-09-03 22:23:13 i=2, pid=763752, pname=ccc, timeout=70, atime=1662214737
2022-09-03 22:23:13 i=3, pid=765288, pname=aaa, timeout=50, atime=1662214862
2022-09-03 22:23:13 i=4, pid=765303, pname=bbb, timeout=60, atime=1662214865
2022-09-03 22:23:13 i=5, pid=765314, pname=ccc, timeout=70, atime=1662214867
2022-09-03 22:23:13 i=6, pid=766314, pname=aaa, timeout=50, atime=1662214988
2022-09-03 22:23:13 i=7, pid=766327, pname=bbb, timeout=60, atime=1662214990
2022-09-03 22:23:23 i=0, pid=763728, pname=aaa, timeout=50, atime=1662214722
2022-09-03 22:23:23 i=1, pid=763739, pname=bbb, timeout=60, atime=1662214725
2022-09-03 22:23:23 i=2, pid=763752, pname=ccc, timeout=70, atime=1662214737
2022-09-03 22:23:23 i=3, pid=765288, pname=aaa, timeout=50, atime=1662214862
2022-09-03 22:23:23 i=4, pid=765303, pname=bbb, timeout=60, atime=1662214865
2022-09-03 22:23:23 i=5, pid=765314, pname=ccc, timeout=70, atime=1662214867
2022-09-03 22:23:23 i=6, pid=766314, pname=aaa, timeout=50, atime=1662214998
2022-09-03 22:23:23 i=7, pid=766327, pname=bbb, timeout=60, atime=1662215000
2022-09-03 22:23:33 i=0, pid=763728, pname=aaa, timeout=50, atime=1662214722
2022-09-03 22:23:33 i=1, pid=763739, pname=bbb, timeout=60, atime=1662214725
2022-09-03 22:23:33 i=2, pid=763752, pname=ccc, timeout=70, atime=1662214737
2022-09-03 22:23:33 i=3, pid=765288, pname=aaa, timeout=50, atime=1662214862
2022-09-03 22:23:33 i=4, pid=765303, pname=bbb, timeout=60, atime=1662214865
2022-09-03 22:23:33 i=5, pid=765314, pname=ccc, timeout=70, atime=1662214867
2022-09-03 22:23:33 i=6, pid=766314, pname=aaa, timeout=50, atime=1662215008
2022-09-03 22:23:33 i=7, pid=766327, pname=bbb, timeout=60, atime=1662215010
2022-09-03 22:23:43 i=0, pid=763728, pname=aaa, timeout=50, atime=1662214722
2022-09-03 22:23:43 i=1, pid=763739, pname=bbb, timeout=60, atime=1662214725
2022-09-03 22:23:43 i=2, pid=763752, pname=ccc, timeout=70, atime=1662214737
2022-09-03 22:23:43 i=3, pid=765288, pname=aaa, timeout=50, atime=1662214862
2022-09-03 22:23:43 i=4, pid=765303, pname=bbb, timeout=60, atime=1662214865
2022-09-03 22:23:43 i=5, pid=765314, pname=ccc, timeout=70, atime=1662214867
2022-09-03 22:23:43 i=6, pid=766314, pname=aaa, timeout=50, atime=1662215018
2022-09-03 22:23:43 i=7, pid=766327, pname=bbb, timeout=60, atime=1662215020
2022-09-03 22:30:42 i=0, pid=768835, pname=aaa, timeout=50, atime=1662215402
2022-09-03 22:30:42 进程pid=768835(aaa)已经不存在
2022-09-03 22:43:53 i=0, pid=773312, pname=eee, timeout=20, atime=1662216230
2022-09-03 22:44:03 i=0, pid=773312, pname=eee, timeout=20, atime=1662216230
2022-09-03 22:44:05 i=0, pid=773312, pname=eee, timeout=20, atime=1662216230
2022-09-03 22:44:10 i=0, pid=773312, pname=eee, timeout=20, atime=1662216230
2022-09-03 22:44:13 i=0, pid=773312, pname=eee, timeout=20, atime=1662216230
2022-09-03 22:44:13 进程pid=773312(eee)已经超时，开始终止
2022-09-03 22:46:40 i=0, pid=774212, pname=eee, timeout=20, atime=1662216396
2022-09-03 22:46:43 i=0, pid=774212, pname=eee, timeout=20, atime=1662216396
2022-09-03 22:46:45 i=0, pid=774212, pname=eee, timeout=20, atime=1662216396
2022-09-03 22:46:50 i=0, pid=774212, pname=eee, timeout=20, atime=1662216396
2022-09-03 22:46:53 i=0, pid=774212, pname=eee, timeout=20, atime=1662216396
2022-09-03 22:46:55 i=0, pid=774212, pname=eee, timeout=20, atime=1662216396
2022-09-03 22:47:00 i=0, pid=774212, pname=eee, timeout=20, atime=1662216396
2022-09-03 22:47:00 进程pid=774212(eee)已经超时，开始终止
2022-09-03 22:48:33 i=0, pid=774974, pname=abc, timeout=15, atime=1662216512
2022-09-03 22:48:38 i=0, pid=774974, pname=abc, timeout=15, atime=1662216512
2022-09-03 22:48:43 i=0, pid=774974, pname=abc, timeout=15, atime=1662216512
2022-09-03 22:48:48 i=0, pid=774974, pname=abc, timeout=15, atime=1662216512
2022-09-03 22:48:48 进程pid=774974(abc)已经超时，开始终止
2022-09-03 22:48:48 进程pid=774974(abc)非正常终止，使用信号9强制终止
2022-09-03 22:50:09 i=0, pid=775592, pname=abcef, timeout=15, atime=1662216605
2022-09-03 22:50:14 i=0, pid=775592, pname=abcef, timeout=15, atime=1662216605
2022-09-03 22:50:19 i=0, pid=775592, pname=abcef, timeout=15, atime=1662216605
2022-09-03 22:50:24 i=0, pid=775592, pname=abcef, timeout=15, atime=1662216605
2022-09-03 22:50:24 进程pid=775592(abcef)已经超时，开始终止
2022-09-03 22:50:25 进程pid=775592(abcef)已经正常终止
