2022-09-03 01:28:03 crtsurfdata 开始运行
2022-09-03 01:28:03 生成数据文件/home/sugar/project/DataCenter/tmp/surfdata/SURF_ZH_20220903012803_547791.json成功，数据时间20220903012803，记录数839
2022-09-03 01:28:03 crtsurfdata 运行结束
2022-09-03 01:30:54 crtsurfdata 开始运行
2022-09-03 01:30:54 生成数据文件/home/sugar/project/DataCenter/tmp/surfdata/SURF_ZH_20220903013054_547975.xml成功，数据时间20220903013054，记录数839
2022-09-03 01:30:54 crtsurfdata 运行结束
2022-09-03 01:31:04 crtsurfdata 开始运行
2022-09-03 01:31:04 生成数据文件/home/sugar/project/DataCenter/tmp/surfdata/SURF_ZH_20220903013104_548049.csv成功，数据时间20220903013104，记录数839
2022-09-03 01:31:04 crtsurfdata 运行结束
2022-09-03 01:31:24 crtsurfdata 开始运行
2022-09-03 01:31:24 生成数据文件/home/sugar/project/DataCenter/tmp/surfdata/SURF_ZH_20220903013124_548137.json成功，数据时间20220903013124，记录数839
2022-09-03 01:31:24 生成数据文件/home/sugar/project/DataCenter/tmp/surfdata/SURF_ZH_20220903013124_548137.xml成功，数据时间20220903013124，记录数839
2022-09-03 01:31:24 生成数据文件/home/sugar/project/DataCenter/tmp/surfdata/SURF_ZH_20220903013124_548137.csv成功，数据时间20220903013124，记录数839
2022-09-03 01:31:24 crtsurfdata 运行结束
2022-09-03 01:31:54 crtsurfdata 开始运行
2022-09-03 01:31:54 生成数据文件/home/sugar/project/DataCenter/tmp/surfdata/SURF_ZH_20220903013154_548274.json成功，数据时间20220903013154，记录数839
2022-09-03 01:31:54 生成数据文件/home/sugar/project/DataCenter/tmp/surfdata/SURF_ZH_20220903013154_548274.xml成功，数据时间20220903013154，记录数839
2022-09-03 01:31:54 生成数据文件/home/sugar/project/DataCenter/tmp/surfdata/SURF_ZH_20220903013154_548274.csv成功，数据时间20220903013154，记录数839
2022-09-03 01:31:54 crtsurfdata 运行结束
2022-09-03 01:34:10 crtsurfdata 开始运行
2022-09-03 01:34:10 生成数据文件/home/sugar/project/DataCenter/tmp/surfdata/SURF_ZH_20220903013410_548675.json成功，数据时间20220903013410，记录数839
2022-09-03 01:34:10 生成json数据
2022-09-03 01:34:10 生成数据文件/home/sugar/project/DataCenter/tmp/surfdata/SURF_ZH_20220903013410_548675.xml成功，数据时间20220903013410，记录数839
2022-09-03 01:34:10 生成xml数据
2022-09-03 01:34:10 生成数据文件/home/sugar/project/DataCenter/tmp/surfdata/SURF_ZH_20220903013410_548675.csv成功，数据时间20220903013410，记录数839
2022-09-03 01:34:10 生成csv数据
2022-09-03 01:34:10 crtsurfdata 运行结束
2022-09-03 01:34:15 crtsurfdata 开始运行
2022-09-03 01:34:15 生成数据文件/home/sugar/project/DataCenter/tmp/surfdata/SURF_ZH_20220903013415_548697.json成功，数据时间20220903013415，记录数839
2022-09-03 01:34:15 生成json数据
2022-09-03 01:34:15 生成数据文件/home/sugar/project/DataCenter/tmp/surfdata/SURF_ZH_20220903013415_548697.xml成功，数据时间20220903013415，记录数839
2022-09-03 01:34:15 生成xml数据
2022-09-03 01:34:15 生成数据文件/home/sugar/project/DataCenter/tmp/surfdata/SURF_ZH_20220903013415_548697.csv成功，数据时间20220903013415，记录数839
2022-09-03 01:34:15 生成csv数据
2022-09-03 01:34:15 crtsurfdata 运行结束
2022-09-03 01:34:20 crtsurfdata 开始运行
2022-09-03 01:34:20 生成数据文件/home/sugar/project/DataCenter/tmp/surfdata/SURF_ZH_20220903013420_548705.json成功，数据时间20220903013420，记录数839
2022-09-03 01:34:20 生成json数据
2022-09-03 01:34:20 生成数据文件/home/sugar/project/DataCenter/tmp/surfdata/SURF_ZH_20220903013420_548705.xml成功，数据时间20220903013420，记录数839
2022-09-03 01:34:20 生成xml数据
2022-09-03 01:34:20 生成数据文件/home/sugar/project/DataCenter/tmp/surfdata/SURF_ZH_20220903013420_548705.csv成功，数据时间20220903013420，记录数839
2022-09-03 01:34:20 生成csv数据
2022-09-03 01:34:20 crtsurfdata 运行结束
2022-09-03 01:34:25 crtsurfdata 开始运行
2022-09-03 01:34:25 生成数据文件/home/sugar/project/DataCenter/tmp/surfdata/SURF_ZH_20220903013425_548720.json成功，数据时间20220903013425，记录数839
2022-09-03 01:34:25 生成json数据
2022-09-03 01:34:25 生成数据文件/home/sugar/project/DataCenter/tmp/surfdata/SURF_ZH_20220903013425_548720.xml成功，数据时间20220903013425，记录数839
2022-09-03 01:34:25 生成xml数据
2022-09-03 01:34:25 生成数据文件/home/sugar/project/DataCenter/tmp/surfdata/SURF_ZH_20220903013425_548720.csv成功，数据时间20220903013425，记录数839
2022-09-03 01:34:25 生成csv数据
2022-09-03 01:34:25 crtsurfdata 运行结束
2022-09-03 01:34:30 crtsurfdata 开始运行
2022-09-03 01:34:30 生成数据文件/home/sugar/project/DataCenter/tmp/surfdata/SURF_ZH_20220903013430_548739.json成功，数据时间20220903013430，记录数839
2022-09-03 01:34:30 生成json数据
2022-09-03 01:34:30 生成数据文件/home/sugar/project/DataCenter/tmp/surfdata/SURF_ZH_20220903013430_548739.xml成功，数据时间20220903013430，记录数839
2022-09-03 01:34:30 生成xml数据
2022-09-03 01:34:30 生成数据文件/home/sugar/project/DataCenter/tmp/surfdata/SURF_ZH_20220903013430_548739.csv成功，数据时间20220903013430，记录数839
2022-09-03 01:34:30 生成csv数据
2022-09-03 01:34:30 crtsurfdata 运行结束
2022-09-03 01:34:35 crtsurfdata 开始运行
2022-09-03 01:34:35 生成数据文件/home/sugar/project/DataCenter/tmp/surfdata/SURF_ZH_20220903013435_548767.json成功，数据时间20220903013435，记录数839
2022-09-03 01:34:35 生成json数据
2022-09-03 01:34:35 生成数据文件/home/sugar/project/DataCenter/tmp/surfdata/SURF_ZH_20220903013435_548767.xml成功，数据时间20220903013435，记录数839
2022-09-03 01:34:35 生成xml数据
2022-09-03 01:34:35 生成数据文件/home/sugar/project/DataCenter/tmp/surfdata/SURF_ZH_20220903013435_548767.csv成功，数据时间20220903013435，记录数839
2022-09-03 01:34:35 生成csv数据
2022-09-03 01:34:35 crtsurfdata 运行结束
2022-09-03 01:34:40 crtsurfdata 开始运行
2022-09-03 01:34:40 生成数据文件/home/sugar/project/DataCenter/tmp/surfdata/SURF_ZH_20220903013440_548792.json成功，数据时间20220903013440，记录数839
2022-09-03 01:34:40 生成json数据
2022-09-03 01:34:40 生成数据文件/home/sugar/project/DataCenter/tmp/surfdata/SURF_ZH_20220903013440_548792.xml成功，数据时间20220903013440，记录数839
2022-09-03 01:34:40 生成xml数据
2022-09-03 01:34:40 生成数据文件/home/sugar/project/DataCenter/tmp/surfdata/SURF_ZH_20220903013440_548792.csv成功，数据时间20220903013440，记录数839
2022-09-03 01:34:40 生成csv数据
2022-09-03 01:34:40 crtsurfdata 运行结束
2022-09-03 01:34:45 crtsurfdata 开始运行
2022-09-03 01:34:45 生成数据文件/home/sugar/project/DataCenter/tmp/surfdata/SURF_ZH_20220903013445_548819.json成功，数据时间20220903013445，记录数839
2022-09-03 01:34:45 生成json数据
2022-09-03 01:34:45 生成数据文件/home/sugar/project/DataCenter/tmp/surfdata/SURF_ZH_20220903013445_548819.xml成功，数据时间20220903013445，记录数839
2022-09-03 01:34:45 生成xml数据
2022-09-03 01:34:45 生成数据文件/home/sugar/project/DataCenter/tmp/surfdata/SURF_ZH_20220903013445_548819.csv成功，数据时间20220903013445，记录数839
2022-09-03 01:34:45 生成csv数据
2022-09-03 01:34:45 crtsurfdata 运行结束
2022-09-03 01:34:50 crtsurfdata 开始运行
2022-09-03 01:34:50 生成数据文件/home/sugar/project/DataCenter/tmp/surfdata/SURF_ZH_20220903013450_548828.json成功，数据时间20220903013450，记录数839
2022-09-03 01:34:50 生成json数据
2022-09-03 01:34:50 生成数据文件/home/sugar/project/DataCenter/tmp/surfdata/SURF_ZH_20220903013450_548828.xml成功，数据时间20220903013450，记录数839
2022-09-03 01:34:50 生成xml数据
2022-09-03 01:34:50 生成数据文件/home/sugar/project/DataCenter/tmp/surfdata/SURF_ZH_20220903013450_548828.csv成功，数据时间20220903013450，记录数839
2022-09-03 01:34:50 生成csv数据
2022-09-03 01:34:50 crtsurfdata 运行结束
2022-09-03 01:34:55 crtsurfdata 开始运行
2022-09-03 01:34:55 生成数据文件/home/sugar/project/DataCenter/tmp/surfdata/SURF_ZH_20220903013455_548843.json成功，数据时间20220903013455，记录数839
2022-09-03 01:34:55 生成json数据
2022-09-03 01:34:55 生成数据文件/home/sugar/project/DataCenter/tmp/surfdata/SURF_ZH_20220903013455_548843.xml成功，数据时间20220903013455，记录数839
2022-09-03 01:34:55 生成xml数据
2022-09-03 01:34:55 生成数据文件/home/sugar/project/DataCenter/tmp/surfdata/SURF_ZH_20220903013455_548843.csv成功，数据时间20220903013455，记录数839
2022-09-03 01:34:55 生成csv数据
2022-09-03 01:34:55 crtsurfdata 运行结束
2022-09-03 23:24:02 crtsurfdata 开始运行
2022-09-03 23:24:05 程序退出，sig=2
2022-09-04 00:44:04 crtsurfdata 开始运行
2022-09-04 00:44:14 生成数据文件/home/sugar/project/DataCenter/tmp/surfdata/SURF_ZH_20220710136000_803223.json成功，数据时间20220710136000，记录数839
2022-09-04 00:44:14 生成json数据
2022-09-04 00:44:24 生成数据文件/home/sugar/project/DataCenter/tmp/surfdata/SURF_ZH_20220710136000_803223.xml成功，数据时间20220710136000，记录数839
2022-09-04 00:44:24 生成xml数据
2022-09-04 00:44:34 生成数据文件/home/sugar/project/DataCenter/tmp/surfdata/SURF_ZH_20220710136000_803223.csv成功，数据时间20220710136000，记录数839
2022-09-04 00:44:34 生成csv数据
2022-09-04 00:44:34 crtsurfdata 运行结束
